<?xml version="1.0" encoding="UTF-8"?>
<!-- Generated by org.testng.reporters.JUnitReportReporter -->
<testsuite skipped="0" hostname="LAPTOP-HI5B5J5V" name="com.qa.JCore.Runner.Runner" tests="1" failures="0" timestamp="12 Nov 2019 22:18:33 GMT" time="21.638" errors="0">
  <testcase name="feature" time="21.638" classname="com.qa.JCore.Runner.Runner"/>
</testsuite> <!-- com.qa.JCore.Runner.Runner -->
