<?xml version="1.0" encoding="UTF-8"?>
<!-- Generated by org.testng.reporters.JUnitReportReporter -->
<testsuite skipped="0" hostname="LAPTOP-HI5B5J5V" name="com.qa.MHE.Runner.Runner" tests="1" failures="0" timestamp="21 Nov 2019 23:18:28 GMT" time="117.393" errors="0">
  <testcase name="feature" time="117.393" classname="com.qa.MHE.Runner.Runner"/>
</testsuite> <!-- com.qa.MHE.Runner.Runner -->
